==336== Memcheck, a memory error detector
==336== Copyright (C) 2002-2017, and GNU GPL'd, by Julian Seward et al.
==336== Using Valgrind-3.13.0 and LibVEX; rerun with -h for copyright info
==336== Command: build/executable
==336== Parent PID: 82
==336== 
--336-- 
--336-- Valgrind options:
--336--    --leak-check=full
--336--    --show-leak-kinds=all
--336--    --track-origins=yes
--336--    --verbose
--336--    --log-file=valgrind.out
--336-- Contents of /proc/version:
--336--   Linux version 4.4.0-19041-Microsoft (Microsoft@Microsoft.com) (gcc version 5.4.0 (GCC) ) #488-Microsoft Mon Sep 01 13:43:00 PST 2020
--336-- 
--336-- Arch and hwcaps: AMD64, LittleEndian, amd64-cx16-lzcnt-rdtscp-sse3-avx-avx2-bmi
--336-- Page sizes: currently 4096, max supported 4096
--336-- Valgrind library directory: /usr/lib/valgrind
--336-- Reading syms from /mnt/c/Users/Itiel/Desktop/itiel/build/executable
--336-- Reading syms from /lib/x86_64-linux-gnu/ld-2.27.so
--336--   Considering /lib/x86_64-linux-gnu/ld-2.27.so ..
--336--   .. CRC mismatch (computed 1b7c895e wanted 2943108a)
--336--   Considering /usr/lib/debug/lib/x86_64-linux-gnu/ld-2.27.so ..
--336--   .. CRC is valid
--336-- Reading syms from /usr/lib/valgrind/memcheck-amd64-linux
--336--   Considering /usr/lib/valgrind/memcheck-amd64-linux ..
--336--   .. CRC mismatch (computed 41ddb025 wanted 9972f546)
--336--    object doesn't have a symbol table
--336--    object doesn't have a dynamic symbol table
--336-- Scheduler: using generic scheduler lock implementation.
--336-- Reading suppressions file: /usr/lib/valgrind/default.supp
==336== embedded gdbserver: reading from /tmp/vgdb-pipe-from-vgdb-to-336-by-itiel-on-???
==336== embedded gdbserver: writing to   /tmp/vgdb-pipe-to-vgdb-from-336-by-itiel-on-???
==336== embedded gdbserver: shared mem   /tmp/vgdb-pipe-shared-mem-vgdb-336-by-itiel-on-???
==336== 
==336== TO CONTROL THIS PROCESS USING vgdb (which you probably
==336== don't want to do, unless you know exactly what you're doing,
==336== or are doing some strange experiment):
==336==   /usr/lib/valgrind/../../bin/vgdb --pid=336 ...command...
==336== 
==336== TO DEBUG THIS PROCESS USING GDB: start GDB like this
==336==   /path/to/gdb build/executable
==336== and then give GDB the following command
==336==   target remote | /usr/lib/valgrind/../../bin/vgdb --pid=336
==336== --pid is optional if only one valgrind process is running
==336== 
==336== error calling PR_SET_PTRACER, vgdb might block
--336-- REDIR: 0x401f2f0 (ld-linux-x86-64.so.2:strlen) redirected to 0x580608c1 (???)
--336-- REDIR: 0x401f0d0 (ld-linux-x86-64.so.2:index) redirected to 0x580608db (???)
--336-- Reading syms from /usr/lib/valgrind/vgpreload_core-amd64-linux.so
--336--   Considering /usr/lib/valgrind/vgpreload_core-amd64-linux.so ..
--336--   .. CRC mismatch (computed 50df1b30 wanted 4800a4cf)
--336--    object doesn't have a symbol table
--336-- Reading syms from /usr/lib/valgrind/vgpreload_memcheck-amd64-linux.so
--336--   Considering /usr/lib/valgrind/vgpreload_memcheck-amd64-linux.so ..
--336--   .. CRC mismatch (computed f893b962 wanted 95ee359e)
--336--    object doesn't have a symbol table
==336== WARNING: new redirection conflicts with existing -- ignoring it
--336--     old: 0x0401f2f0 (strlen              ) R-> (0000.0) 0x580608c1 ???
--336--     new: 0x0401f2f0 (strlen              ) R-> (2007.0) 0x04c32db0 strlen
--336-- REDIR: 0x401d360 (ld-linux-x86-64.so.2:strcmp) redirected to 0x4c33ee0 (strcmp)
--336-- REDIR: 0x401f830 (ld-linux-x86-64.so.2:mempcpy) redirected to 0x4c374f0 (mempcpy)
--336-- Reading syms from /usr/lib/x86_64-linux-gnu/libstdc++.so.6.0.25
--336--    object doesn't have a symbol table
--336-- Reading syms from /lib/x86_64-linux-gnu/libgcc_s.so.1
--336--    object doesn't have a symbol table
--336-- Reading syms from /lib/x86_64-linux-gnu/libc-2.27.so
--336--   Considering /lib/x86_64-linux-gnu/libc-2.27.so ..
--336--   .. CRC mismatch (computed b1c74187 wanted 042cc048)
--336--   Considering /usr/lib/debug/lib/x86_64-linux-gnu/libc-2.27.so ..
--336--   .. CRC is valid
--336-- Reading syms from /lib/x86_64-linux-gnu/libm-2.27.so
--336--   Considering /lib/x86_64-linux-gnu/libm-2.27.so ..
--336--   .. CRC mismatch (computed 7feae033 wanted b29b2508)
--336--   Considering /usr/lib/debug/lib/x86_64-linux-gnu/libm-2.27.so ..
--336--   .. CRC is valid
--336-- REDIR: 0x547bc70 (libc.so.6:memmove) redirected to 0x4a2a6e0 (_vgnU_ifunc_wrapper)
--336-- REDIR: 0x547ad40 (libc.so.6:strncpy) redirected to 0x4a2a6e0 (_vgnU_ifunc_wrapper)
--336-- REDIR: 0x547bf50 (libc.so.6:strcasecmp) redirected to 0x4a2a6e0 (_vgnU_ifunc_wrapper)
--336-- REDIR: 0x547a790 (libc.so.6:strcat) redirected to 0x4a2a6e0 (_vgnU_ifunc_wrapper)
--336-- REDIR: 0x547ad70 (libc.so.6:rindex) redirected to 0x4a2a6e0 (_vgnU_ifunc_wrapper)
--336-- REDIR: 0x547d7c0 (libc.so.6:rawmemchr) redirected to 0x4a2a6e0 (_vgnU_ifunc_wrapper)
--336-- REDIR: 0x547bde0 (libc.so.6:mempcpy) redirected to 0x4a2a6e0 (_vgnU_ifunc_wrapper)
--336-- REDIR: 0x547bc10 (libc.so.6:bcmp) redirected to 0x4a2a6e0 (_vgnU_ifunc_wrapper)
--336-- REDIR: 0x547ad00 (libc.so.6:strncmp) redirected to 0x4a2a6e0 (_vgnU_ifunc_wrapper)
--336-- REDIR: 0x547a800 (libc.so.6:strcmp) redirected to 0x4a2a6e0 (_vgnU_ifunc_wrapper)
--336-- REDIR: 0x547bd40 (libc.so.6:memset) redirected to 0x4a2a6e0 (_vgnU_ifunc_wrapper)
--336-- REDIR: 0x54990f0 (libc.so.6:wcschr) redirected to 0x4a2a6e0 (_vgnU_ifunc_wrapper)
--336-- REDIR: 0x547aca0 (libc.so.6:strnlen) redirected to 0x4a2a6e0 (_vgnU_ifunc_wrapper)
--336-- REDIR: 0x547a870 (libc.so.6:strcspn) redirected to 0x4a2a6e0 (_vgnU_ifunc_wrapper)
--336-- REDIR: 0x547bfa0 (libc.so.6:strncasecmp) redirected to 0x4a2a6e0 (_vgnU_ifunc_wrapper)
--336-- REDIR: 0x547a840 (libc.so.6:strcpy) redirected to 0x4a2a6e0 (_vgnU_ifunc_wrapper)
--336-- REDIR: 0x547c0e0 (libc.so.6:memcpy@@GLIBC_2.14) redirected to 0x4a2a6e0 (_vgnU_ifunc_wrapper)
--336-- REDIR: 0x547ada0 (libc.so.6:strpbrk) redirected to 0x4a2a6e0 (_vgnU_ifunc_wrapper)
--336-- REDIR: 0x547a7c0 (libc.so.6:index) redirected to 0x4a2a6e0 (_vgnU_ifunc_wrapper)
--336-- REDIR: 0x547ac70 (libc.so.6:strlen) redirected to 0x4a2a6e0 (_vgnU_ifunc_wrapper)
--336-- REDIR: 0x54856c0 (libc.so.6:memrchr) redirected to 0x4a2a6e0 (_vgnU_ifunc_wrapper)
--336-- REDIR: 0x547bff0 (libc.so.6:strcasecmp_l) redirected to 0x4a2a6e0 (_vgnU_ifunc_wrapper)
--336-- REDIR: 0x547bbe0 (libc.so.6:memchr) redirected to 0x4a2a6e0 (_vgnU_ifunc_wrapper)
--336-- REDIR: 0x5499eb0 (libc.so.6:wcslen) redirected to 0x4a2a6e0 (_vgnU_ifunc_wrapper)
--336-- REDIR: 0x547b050 (libc.so.6:strspn) redirected to 0x4a2a6e0 (_vgnU_ifunc_wrapper)
--336-- REDIR: 0x547bf20 (libc.so.6:stpncpy) redirected to 0x4a2a6e0 (_vgnU_ifunc_wrapper)
--336-- REDIR: 0x547bef0 (libc.so.6:stpcpy) redirected to 0x4a2a6e0 (_vgnU_ifunc_wrapper)
--336-- REDIR: 0x547d7f0 (libc.so.6:strchrnul) redirected to 0x4a2a6e0 (_vgnU_ifunc_wrapper)
--336-- REDIR: 0x547c040 (libc.so.6:strncasecmp_l) redirected to 0x4a2a6e0 (_vgnU_ifunc_wrapper)
--336-- REDIR: 0x556b3c0 (libc.so.6:__strrchr_avx2) redirected to 0x4c32730 (rindex)
--336-- REDIR: 0x5474070 (libc.so.6:malloc) redirected to 0x4c2faa0 (malloc)
--336-- REDIR: 0x556b590 (libc.so.6:__strlen_avx2) redirected to 0x4c32cf0 (strlen)
--336-- REDIR: 0x5567ba0 (libc.so.6:__memcmp_avx2_movbe) redirected to 0x4c35e00 (bcmp)
--336-- REDIR: 0x5546d60 (libc.so.6:__strcmp_ssse3) redirected to 0x4c33da0 (strcmp)
--336-- REDIR: 0x556bad0 (libc.so.6:__memcpy_avx_unaligned_erms) redirected to 0x4c366e0 (memmove)
--336-- REDIR: 0x556bab0 (libc.so.6:__mempcpy_avx_unaligned_erms) redirected to 0x4c37130 (mempcpy)
--336-- REDIR: 0x4ecf280 (libstdc++.so.6:operator new(unsigned long)) redirected to 0x4c30110 (operator new(unsigned long))
--336-- REDIR: 0x555cc80 (libc.so.6:__stpcpy_ssse3) redirected to 0x4c35f60 (stpcpy)
--336-- REDIR: 0x5474950 (libc.so.6:free) redirected to 0x4c30cd0 (free)
--336-- REDIR: 0x4ecd390 (libstdc++.so.6:operator delete(void*)) redirected to 0x4c311d0 (operator delete(void*))
--336-- REDIR: 0x547b590 (libc.so.6:__GI_strstr) redirected to 0x4c37760 (__strstr_sse2)
--336-- REDIR: 0x4ecf330 (libstdc++.so.6:operator new[](unsigned long)) redirected to 0x4c30830 (operator new[](unsigned long))
--336-- REDIR: 0x4ecd3c0 (libstdc++.so.6:operator delete[](void*)) redirected to 0x4c316d0 (operator delete[](void*))
==336== Invalid read of size 8
==336==    at 0x1133F2: myfilesystem::write(myfilesystem::directory*, std::basic_ofstream<char, std::char_traits<char> >&) (in /mnt/c/Users/Itiel/Desktop/itiel/build/executable)
==336==    by 0x11364B: myfilesystem::write() (in /mnt/c/Users/Itiel/Desktop/itiel/build/executable)
==336==    by 0x113038: main (in /mnt/c/Users/Itiel/Desktop/itiel/build/executable)
==336==  Address 0x8 is not stack'd, malloc'd or (recently) free'd
==336== 
==336== 
==336== Process terminating with default action of signal 11 (SIGSEGV)
==336==  Access not within mapped region at address 0x8
==336==    at 0x1133F2: myfilesystem::write(myfilesystem::directory*, std::basic_ofstream<char, std::char_traits<char> >&) (in /mnt/c/Users/Itiel/Desktop/itiel/build/executable)
==336==    by 0x11364B: myfilesystem::write() (in /mnt/c/Users/Itiel/Desktop/itiel/build/executable)
==336==    by 0x113038: main (in /mnt/c/Users/Itiel/Desktop/itiel/build/executable)
==336==  If you believe this happened as a result of a stack
==336==  overflow in your program's main thread (unlikely but
==336==  possible), you can try to increase the size of the
==336==  main thread stack using the --main-stacksize= flag.
==336==  The main thread stack size used in this run was 8388608.
==336== 
==336== HEAP SUMMARY:
==336==     in use at exit: 8,744 bytes in 2 blocks
==336==   total heap usage: 15 allocs, 13 frees, 92,046 bytes allocated
==336== 
==336== Searching for pointers to 2 not-freed blocks
==336== Checked 112,832 bytes
==336== 
==336== 552 bytes in 1 blocks are still reachable in loss record 1 of 2
==336==    at 0x4C2FB0F: malloc (in /usr/lib/valgrind/vgpreload_memcheck-amd64-linux.so)
==336==    by 0x545BE49: __fopen_internal (iofopen.c:65)
==336==    by 0x545BE49: fopen@@GLIBC_2.2.5 (iofopen.c:89)
==336==    by 0x4EEFE4F: std::__basic_file<char>::open(char const*, std::_Ios_Openmode, int) (in /usr/lib/x86_64-linux-gnu/libstdc++.so.6.0.25)
==336==    by 0x4F300D9: std::basic_filebuf<char, std::char_traits<char> >::open(char const*, std::_Ios_Openmode) (in /usr/lib/x86_64-linux-gnu/libstdc++.so.6.0.25)
==336==    by 0x113622: myfilesystem::write() (in /mnt/c/Users/Itiel/Desktop/itiel/build/executable)
==336==    by 0x113038: main (in /mnt/c/Users/Itiel/Desktop/itiel/build/executable)
==336== 
==336== 8,192 bytes in 1 blocks are still reachable in loss record 2 of 2
==336==    at 0x4C3089F: operator new[](unsigned long) (in /usr/lib/valgrind/vgpreload_memcheck-amd64-linux.so)
==336==    by 0x4F2BFE7: std::basic_filebuf<char, std::char_traits<char> >::_M_allocate_internal_buffer() (in /usr/lib/x86_64-linux-gnu/libstdc++.so.6.0.25)
==336==    by 0x4F300F1: std::basic_filebuf<char, std::char_traits<char> >::open(char const*, std::_Ios_Openmode) (in /usr/lib/x86_64-linux-gnu/libstdc++.so.6.0.25)
==336==    by 0x113622: myfilesystem::write() (in /mnt/c/Users/Itiel/Desktop/itiel/build/executable)
==336==    by 0x113038: main (in /mnt/c/Users/Itiel/Desktop/itiel/build/executable)
==336== 
==336== LEAK SUMMARY:
==336==    definitely lost: 0 bytes in 0 blocks
==336==    indirectly lost: 0 bytes in 0 blocks
==336==      possibly lost: 0 bytes in 0 blocks
==336==    still reachable: 8,744 bytes in 2 blocks
==336==         suppressed: 0 bytes in 0 blocks
==336== 
==336== ERROR SUMMARY: 1 errors from 1 contexts (suppressed: 0 from 0)
==336== 
==336== 1 errors in context 1 of 1:
==336== Invalid read of size 8
==336==    at 0x1133F2: myfilesystem::write(myfilesystem::directory*, std::basic_ofstream<char, std::char_traits<char> >&) (in /mnt/c/Users/Itiel/Desktop/itiel/build/executable)
==336==    by 0x11364B: myfilesystem::write() (in /mnt/c/Users/Itiel/Desktop/itiel/build/executable)
==336==    by 0x113038: main (in /mnt/c/Users/Itiel/Desktop/itiel/build/executable)
==336==  Address 0x8 is not stack'd, malloc'd or (recently) free'd
==336== 
==336== ERROR SUMMARY: 1 errors from 1 contexts (suppressed: 0 from 0)
